0 info it worked if it ends with ok
1 verbose cli [ 'C:\\Program Files\\nodejs\\node.exe',
1 verbose cli   'C:\\Users\\Zoe\\AppData\\Roaming\\npm\\node_modules\\npm\\bin\\npm-cli.js',
1 verbose cli   'install',
1 verbose cli   '-g',
1 verbose cli   'async' ]
2 info using npm@3.10.2
3 info using node@v6.2.2
4 silly loadCurrentTree Starting
5 silly install loadCurrentTree
6 silly install readGlobalPackageData
7 silly fetchPackageMetaData async
8 silly fetchNamedPackageData async
9 silly mapToRegistry name async
10 silly mapToRegistry using default registry
11 silly mapToRegistry registry https://registry.npmjs.org/
12 silly mapToRegistry data Result {
12 silly mapToRegistry   raw: 'async',
12 silly mapToRegistry   scope: null,
12 silly mapToRegistry   escapedName: 'async',
12 silly mapToRegistry   name: 'async',
12 silly mapToRegistry   rawSpec: '',
12 silly mapToRegistry   spec: 'latest',
12 silly mapToRegistry   type: 'tag' }
13 silly mapToRegistry uri https://registry.npmjs.org/async
14 verbose request uri https://registry.npmjs.org/async
15 verbose request no auth needed
16 info attempt registry request try #1 at 21:55:11
17 verbose request id 6a7a125d88612fef
18 verbose etag "DYU78M501A21ZDC9469RFTTBY"
19 http request GET https://registry.npmjs.org/async
20 info retry will retry, error on last attempt: Error: getaddrinfo ENOENT registry.npmjs.org:443
21 info attempt registry request try #2 at 21:55:21
22 verbose etag "DYU78M501A21ZDC9469RFTTBY"
23 http request GET https://registry.npmjs.org/async
24 info retry will retry, error on last attempt: Error: getaddrinfo ENOENT registry.npmjs.org:443
25 info attempt registry request try #3 at 21:56:21
26 verbose etag "DYU78M501A21ZDC9469RFTTBY"
27 http request GET https://registry.npmjs.org/async
28 silly get cb [ 304, undefined ]
29 verbose etag https://registry.npmjs.org/async from cache
30 verbose get saving async to C:\Users\Zoe\AppData\Roaming\npm-cache\registry.npmjs.org\async\.cache.json
31 verbose correctMkdir C:\Users\Zoe\AppData\Roaming\npm-cache correctMkdir not in flight; initializing
32 silly install normalizeTree
33 silly loadCurrentTree Finishing
34 silly loadIdealTree Starting
35 silly install loadIdealTree
36 silly cloneCurrentTree Starting
37 silly install cloneCurrentTreeToIdealTree
38 silly cloneCurrentTree Finishing
39 silly loadShrinkwrap Starting
40 silly install loadShrinkwrap
41 silly loadShrinkwrap Finishing
42 silly loadAllDepsIntoIdealTree Starting
43 silly install loadAllDepsIntoIdealTree
44 silly resolveWithNewModule async@2.0.1 checking installable status
45 silly cache add args [ 'async', null ]
46 verbose cache add spec async
47 silly cache add parsed spec Result {
47 silly cache add   raw: 'async',
47 silly cache add   scope: null,
47 silly cache add   escapedName: 'async',
47 silly cache add   name: 'async',
47 silly cache add   rawSpec: '',
47 silly cache add   spec: 'latest',
47 silly cache add   type: 'tag' }
48 silly addNamed async@latest
49 verbose addNamed "latest" is being treated as a dist-tag for async
50 info addNameTag [ 'async', 'latest' ]
51 silly mapToRegistry name async
52 silly mapToRegistry using default registry
53 silly mapToRegistry registry https://registry.npmjs.org/
54 silly mapToRegistry data Result {
54 silly mapToRegistry   raw: 'async',
54 silly mapToRegistry   scope: null,
54 silly mapToRegistry   escapedName: 'async',
54 silly mapToRegistry   name: 'async',
54 silly mapToRegistry   rawSpec: '',
54 silly mapToRegistry   spec: 'latest',
54 silly mapToRegistry   type: 'tag' }
55 silly mapToRegistry uri https://registry.npmjs.org/async
56 verbose addNameTag registry:https://registry.npmjs.org/async not in flight; fetching
57 verbose get https://registry.npmjs.org/async not expired, no request
58 silly addNameTag next cb for async with tag latest
59 silly addNamed async@2.0.1
60 verbose addNamed "2.0.1" is a plain semver version for async
61 silly mapToRegistry name async
62 silly mapToRegistry using default registry
63 silly mapToRegistry registry https://registry.npmjs.org/
64 silly mapToRegistry data Result {
64 silly mapToRegistry   raw: 'async',
64 silly mapToRegistry   scope: null,
64 silly mapToRegistry   escapedName: 'async',
64 silly mapToRegistry   name: 'async',
64 silly mapToRegistry   rawSpec: '',
64 silly mapToRegistry   spec: 'latest',
64 silly mapToRegistry   type: 'tag' }
65 silly mapToRegistry uri https://registry.npmjs.org/async
66 verbose addRemoteTarball https://registry.npmjs.org/async/-/async-2.0.1.tgz not in flight; adding
67 verbose addRemoteTarball [ 'https://registry.npmjs.org/async/-/async-2.0.1.tgz',
67 verbose addRemoteTarball   'b709cc0280a9c36f09f4536be823c838a9049e25' ]
68 info retry fetch attempt 1 at 21:56:21
69 info attempt registry request try #1 at 21:56:21
70 http fetch GET https://registry.npmjs.org/async/-/async-2.0.1.tgz
71 info retry will retry, error on last attempt: Error: getaddrinfo ENOENT registry.npmjs.org:443
72 info attempt registry request try #2 at 21:56:31
73 http fetch GET https://registry.npmjs.org/async/-/async-2.0.1.tgz
74 info retry will retry, error on last attempt: Error: getaddrinfo ENOENT registry.npmjs.org:443
75 info attempt registry request try #3 at 21:57:31
76 http fetch GET https://registry.npmjs.org/async/-/async-2.0.1.tgz
77 error fetch failed https://registry.npmjs.org/async/-/async-2.0.1.tgz
78 warn retry will retry, error on last attempt: Error: getaddrinfo ENOENT registry.npmjs.org:443
79 info retry fetch attempt 2 at 21:57:41
80 info attempt registry request try #1 at 21:57:41
81 http fetch GET https://registry.npmjs.org/async/-/async-2.0.1.tgz
82 info retry will retry, error on last attempt: Error: getaddrinfo ENOENT registry.npmjs.org:443
83 info attempt registry request try #2 at 21:57:51
84 http fetch GET https://registry.npmjs.org/async/-/async-2.0.1.tgz
85 info retry will retry, error on last attempt: Error: getaddrinfo ENOENT registry.npmjs.org:443
86 info attempt registry request try #3 at 21:58:51
87 http fetch GET https://registry.npmjs.org/async/-/async-2.0.1.tgz
88 error fetch failed https://registry.npmjs.org/async/-/async-2.0.1.tgz
89 warn retry will retry, error on last attempt: Error: getaddrinfo ENOENT registry.npmjs.org:443
90 info retry fetch attempt 3 at 21:59:51
91 info attempt registry request try #1 at 21:59:51
92 http fetch GET https://registry.npmjs.org/async/-/async-2.0.1.tgz
93 info retry will retry, error on last attempt: Error: getaddrinfo ENOENT registry.npmjs.org:443
94 info attempt registry request try #2 at 22:00:01
95 http fetch GET https://registry.npmjs.org/async/-/async-2.0.1.tgz
96 info retry will retry, error on last attempt: Error: getaddrinfo ENOENT registry.npmjs.org:443
97 info attempt registry request try #3 at 22:01:01
98 http fetch GET https://registry.npmjs.org/async/-/async-2.0.1.tgz
99 error fetch failed https://registry.npmjs.org/async/-/async-2.0.1.tgz
100 silly rollbackFailedOptional Starting
101 silly rollbackFailedOptional Finishing
102 silly runTopLevelLifecycles Starting
103 silly runTopLevelLifecycles Finishing
104 silly install printInstalled
105 verbose stack Error: getaddrinfo ENOENT registry.npmjs.org:443
105 verbose stack     at Object.exports._errnoException (util.js:1007:11)
105 verbose stack     at errnoException (dns.js:33:15)
105 verbose stack     at GetAddrInfoReqWrap.onlookup [as oncomplete] (dns.js:79:26)
106 verbose cwd E:\新建文件夹\blog
107 error Windows_NT 10.0.10586
108 error argv "C:\\Program Files\\nodejs\\node.exe" "C:\\Users\\Zoe\\AppData\\Roaming\\npm\\node_modules\\npm\\bin\\npm-cli.js" "install" "-g" "async"
109 error node v6.2.2
110 error npm  v3.10.2
111 error code ENOENT
112 error errno ENOENT
113 error syscall getaddrinfo
114 error enoent getaddrinfo ENOENT registry.npmjs.org:443
115 error enoent getaddrinfo ENOENT registry.npmjs.org:443
115 error enoent This is most likely not a problem with npm itself
115 error enoent and is related to npm not being able to find a file.
116 verbose exit [ 1, true ]
